<?xml version="1.0" encoding="UTF-8"?>
<testsuite xmlns:xsi="http://www.w3.org/2001/XMLSchema-instance" xsi:noNamespaceSchemaLocation="https://maven.apache.org/surefire/maven-surefire-plugin/xsd/surefire-test-report.xsd" name="com.github.jmgorton.wordsearch.AppTest" time="0.12" tests="14" errors="0" skipped="0" failures="0">
  <properties>
    <property name="gopherProxySet" value="false"/>
    <property name="awt.toolkit" value="sun.lwawt.macosx.LWCToolkit"/>
    <property name="java.specification.version" value="9"/>
    <property name="file.encoding.pkg" value="sun.io"/>
    <property name="sun.cpu.isalist" value=""/>
    <property name="sun.jnu.encoding" value="UTF-8"/>
    <property name="java.class.path" value="/Users/jaredgorton/Documents/Maven/wordsearch/target/test-classes:/Users/jaredgorton/Documents/Maven/wordsearch/target/classes:/Users/jaredgorton/.m2/repository/junit/junit/4.11/junit-4.11.jar:/Users/jaredgorton/.m2/repository/org/hamcrest/hamcrest-core/1.3/hamcrest-core-1.3.jar:"/>
    <property name="java.vm.vendor" value="Oracle Corporation"/>
    <property name="sun.arch.data.model" value="64"/>
    <property name="java.vendor.url" value="http://java.oracle.com/"/>
    <property name="user.timezone" value=""/>
    <property name="java.vm.specification.version" value="9"/>
    <property name="os.name" value="Mac OS X"/>
    <property name="sun.java.launcher" value="SUN_STANDARD"/>
    <property name="user.country" value="US"/>
    <property name="sun.boot.library.path" value="/Library/Java/JavaVirtualMachines/jdk-9.0.1.jdk/Contents/Home/lib"/>
    <property name="sun.java.command" value="/Users/jaredgorton/Documents/Maven/wordsearch/target/surefire/surefirebooter18280153365784840027.jar /Users/jaredgorton/Documents/Maven/wordsearch/target/surefire 2020-03-27T01-51-05_578-jvmRun1 surefire8292981361581149201tmp surefire_015104126808257723812tmp"/>
    <property name="http.nonProxyHosts" value="local|*.local|169.254/16|*.169.254/16"/>
    <property name="jdk.debug" value="release"/>
    <property name="surefire.test.class.path" value="/Users/jaredgorton/Documents/Maven/wordsearch/target/test-classes:/Users/jaredgorton/Documents/Maven/wordsearch/target/classes:/Users/jaredgorton/.m2/repository/junit/junit/4.11/junit-4.11.jar:/Users/jaredgorton/.m2/repository/org/hamcrest/hamcrest-core/1.3/hamcrest-core-1.3.jar:"/>
    <property name="sun.cpu.endian" value="little"/>
    <property name="user.home" value="/Users/jaredgorton"/>
    <property name="user.language" value="en"/>
    <property name="java.specification.vendor" value="Oracle Corporation"/>
    <property name="java.home" value="/Library/Java/JavaVirtualMachines/jdk-9.0.1.jdk/Contents/Home"/>
    <property name="file.separator" value="/"/>
    <property name="basedir" value="/Users/jaredgorton/Documents/Maven/wordsearch"/>
    <property name="java.vm.compressedOopsMode" value="Zero based"/>
    <property name="line.separator" value="&#10;"/>
    <property name="java.specification.name" value="Java Platform API Specification"/>
    <property name="java.vm.specification.vendor" value="Oracle Corporation"/>
    <property name="java.awt.graphicsenv" value="sun.awt.CGraphicsEnvironment"/>
    <property name="surefire.real.class.path" value="/Users/jaredgorton/Documents/Maven/wordsearch/target/surefire/surefirebooter18280153365784840027.jar"/>
    <property name="sun.management.compiler" value="HotSpot 64-Bit Tiered Compilers"/>
    <property name="ftp.nonProxyHosts" value="local|*.local|169.254/16|*.169.254/16"/>
    <property name="java.runtime.version" value="9.0.1+11"/>
    <property name="user.name" value="jaredgorton"/>
    <property name="path.separator" value=":"/>
    <property name="os.version" value="10.14.6"/>
    <property name="java.runtime.name" value="Java(TM) SE Runtime Environment"/>
    <property name="file.encoding" value="UTF-8"/>
    <property name="java.vm.name" value="Java HotSpot(TM) 64-Bit Server VM"/>
    <property name="localRepository" value="/Users/jaredgorton/.m2/repository"/>
    <property name="java.vendor.url.bug" value="http://bugreport.java.com/bugreport/"/>
    <property name="java.io.tmpdir" value="/var/folders/_j/0930jykj6_9_62dbvk1slwl00000gn/T/"/>
    <property name="java.version" value="9.0.1"/>
    <property name="user.dir" value="/Users/jaredgorton/Documents/Maven/wordsearch"/>
    <property name="os.arch" value="x86_64"/>
    <property name="java.vm.specification.name" value="Java Virtual Machine Specification"/>
    <property name="java.awt.printerjob" value="sun.lwawt.macosx.CPrinterJob"/>
    <property name="sun.os.patch.level" value="unknown"/>
    <property name="java.library.path" value="/Users/jaredgorton/Library/Java/Extensions:/Library/Java/Extensions:/Network/Library/Java/Extensions:/System/Library/Java/Extensions:/usr/lib/java:."/>
    <property name="java.vm.info" value="mixed mode"/>
    <property name="java.vendor" value="Oracle Corporation"/>
    <property name="java.vm.version" value="9.0.1+11"/>
    <property name="sun.io.unicode.encoding" value="UnicodeBig"/>
    <property name="java.class.version" value="53.0"/>
    <property name="socksNonProxyHosts" value="local|*.local|169.254/16|*.169.254/16"/>
  </properties>
  <testcase name="nullFilePathCheckFilePath" classname="com.github.jmgorton.wordsearch.AppTest" time="0.003"/>
  <testcase name="invalidFileCheckInput" classname="com.github.jmgorton.wordsearch.AppTest" time="0"/>
  <testcase name="validInputFileCheckFilePath" classname="com.github.jmgorton.wordsearch.AppTest" time="0.022"/>
  <testcase name="validInputFilePathCheckFile" classname="com.github.jmgorton.wordsearch.AppTest" time="0.001"/>
  <testcase name="nullFilePathCheckInput" classname="com.github.jmgorton.wordsearch.AppTest" time="0"/>
  <testcase name="validInputFileCheckFile" classname="com.github.jmgorton.wordsearch.AppTest" time="0.001"/>
  <testcase name="invalidFileCheckFile" classname="com.github.jmgorton.wordsearch.AppTest" time="0"/>
  <testcase name="invalidFilePathCheckInput" classname="com.github.jmgorton.wordsearch.AppTest" time="0"/>
  <testcase name="invalidFileCheckFilePath" classname="com.github.jmgorton.wordsearch.AppTest" time="0.001"/>
  <testcase name="invalidFilePathCheckFilePath" classname="com.github.jmgorton.wordsearch.AppTest" time="0"/>
  <testcase name="invalidFilePathCheckFile" classname="com.github.jmgorton.wordsearch.AppTest" time="0"/>
  <testcase name="nullFilePathCheckFile" classname="com.github.jmgorton.wordsearch.AppTest" time="0"/>
  <testcase name="validInputFilePathCheckInput" classname="com.github.jmgorton.wordsearch.AppTest" time="0.001"/>
  <testcase name="validInputFilePathCheckFilePath" classname="com.github.jmgorton.wordsearch.AppTest" time="0"/>
</testsuite>